\BOOKMARK [0][-]{chapter*.1}{前言}{}% 1
\BOOKMARK [0][-]{chapter*.2}{目录}{}% 2
\BOOKMARK [0][-]{chapter.1}{1 重读C语言}{}% 3
\BOOKMARK [1][-]{section.1.1}{1.1 C语言的那些事}{chapter.1}% 4
\BOOKMARK [1][-]{section.1.2}{1.2 声明与定义}{chapter.1}% 5
\BOOKMARK [1][-]{section.1.3}{1.3 关于union}{chapter.1}% 6
\BOOKMARK [1][-]{section.1.4}{1.4 悬垂else}{chapter.1}% 7
\BOOKMARK [1][-]{section.1.5}{1.5 static的作用}{chapter.1}% 8
\BOOKMARK [1][-]{section.1.6}{1.6 断言之美}{chapter.1}% 9
\BOOKMARK [0][-]{chapter.2}{2 软件开发那点事}{}% 10
\BOOKMARK [1][-]{section.2.1}{2.1 使用Git来管理你的项目}{chapter.2}% 11
\BOOKMARK [1][-]{section.2.2}{2.2 说说IDE}{chapter.2}% 12
\BOOKMARK [2][-]{subsection.2.2.1}{2.2.1 IDE的优势}{section.2.2}% 13
\BOOKMARK [2][-]{subsection.2.2.2}{2.2.2 IDE的不足}{section.2.2}% 14
\BOOKMARK [2][-]{subsection.2.2.3}{2.2.3 尝试着脱离IDE吧}{section.2.2}% 15
\BOOKMARK [1][-]{section.2.3}{2.3 对开源本身的思考}{chapter.2}% 16
\BOOKMARK [1][-]{section.2.4}{2.4 关于Makefile}{chapter.2}% 17
\BOOKMARK [1][-]{section.2.5}{2.5 其它参考}{chapter.2}% 18
\BOOKMARK [0][-]{chapter.3}{3 STM8芯片简介}{}% 19
\BOOKMARK [1][-]{section.3.1}{3.1 STM8的优势}{chapter.3}% 20
\BOOKMARK [1][-]{section.3.2}{3.2 STM8编程——寄存器or库函数？}{chapter.3}% 21
\BOOKMARK [1][-]{section.3.3}{3.3 芯片资源简介}{chapter.3}% 22
\BOOKMARK [0][-]{chapter.4}{4 STM8编程实战之基础篇}{}% 23
\BOOKMARK [1][-]{section.4.1}{4.1 STM8官方库函数简介}{chapter.4}% 24
\BOOKMARK [1][-]{section.4.2}{4.2 使用STVP建立自己的工程文件}{chapter.4}% 25
\BOOKMARK [1][-]{section.4.3}{4.3 使用STVP建立自己的工程文件}{chapter.4}% 26
\BOOKMARK [1][-]{section.4.4}{4.4 时钟}{chapter.4}% 27
\BOOKMARK [2][-]{subsection.4.4.1}{4.4.1 时钟树}{section.4.4}% 28
\BOOKMARK [1][-]{section.4.5}{4.5\040GPIO}{chapter.4}% 29
\BOOKMARK [2][-]{subsection.4.5.1}{4.5.1 GPIO的几种状态}{section.4.5}% 30
\BOOKMARK [1][-]{section.4.6}{4.6 中断}{chapter.4}% 31
\BOOKMARK [1][-]{section.4.7}{4.7 计时器}{chapter.4}% 32
\BOOKMARK [0][-]{chapter.5}{5 STM8编程实战之提高篇}{}% 33
\BOOKMARK [1][-]{section.5.1}{5.1\040USART}{chapter.5}% 34
\BOOKMARK [1][-]{section.5.2}{5.2\040SPI}{chapter.5}% 35
\BOOKMARK [1][-]{section.5.3}{5.3\040TWI}{chapter.5}% 36
\BOOKMARK [0][-]{chapter.6}{6 STM8资源补遗}{}% 37
\BOOKMARK [1][-]{section.6.1}{6.1\040IWDG}{chapter.6}% 38
\BOOKMARK [1][-]{section.6.2}{6.2\040WWDG}{chapter.6}% 39
\BOOKMARK [1][-]{section.6.3}{6.3\040AWT}{chapter.6}% 40
